[INFO] Error stacktraces are turned on.
[INFO] Scanning for projects...
[INFO] 
[INFO] ----< com.jeshwin.printelligence:pr-intelligence-platform-jeshwin >-----
[INFO] Building pr-intelligence-platform-jeshwin 0.0.1-SNAPSHOT
[INFO]   from pom.xml
[INFO] --------------------------------[ jar ]---------------------------------
[INFO] 
[INFO] >>> spring-boot:3.5.14:run (default-cli) > test-compile @ pr-intelligence-platform-jeshwin >>>
[INFO] 
[INFO] --- resources:3.3.1:resources (default-resources) @ pr-intelligence-platform-jeshwin ---
[INFO] Copying 1 resource from src/main/resources to target/classes
[INFO] Copying 0 resource from src/main/resources to target/classes
[INFO] 
[INFO] --- compiler:3.14.1:compile (default-compile) @ pr-intelligence-platform-jeshwin ---
[INFO] Nothing to compile - all classes are up to date.
[INFO] 
[INFO] --- resources:3.3.1:testResources (default-testResources) @ pr-intelligence-platform-jeshwin ---
[INFO] skip non existing resourceDirectory /Users/jeshwinwilliam/Documents/Playground/pr-intelligence-platform-jeshwin/src/test/resources
[INFO] 
[INFO] --- compiler:3.14.1:testCompile (default-testCompile) @ pr-intelligence-platform-jeshwin ---
[INFO] Nothing to compile - all classes are up to date.
[INFO] 
[INFO] <<< spring-boot:3.5.14:run (default-cli) < test-compile @ pr-intelligence-platform-jeshwin <<<
[INFO] 
[INFO] 
[INFO] --- spring-boot:3.5.14:run (default-cli) @ pr-intelligence-platform-jeshwin ---
[INFO] Attaching agents: []

  .   ____          _            __ _ _
 /\\ / ___'_ __ _ _(_)_ __  __ _ \ \ \ \
( ( )\___ | '_ | '_| | '_ \/ _` | \ \ \ \
 \\/  ___)| |_)| | | | | || (_| |  ) ) ) )
  '  |____| .__|_| |_|_| |_\__, | / / / /
 =========|_|==============|___/=/_/_/_/

 :: Spring Boot ::               (v3.5.14)

2026-05-20T01:54:41.954-05:00  INFO 59526 --- [pr-intelligence-platform] [           main] c.j.p.PrIntelligencePlatformApplication  : Starting PrIntelligencePlatformApplication using Java 25.0.2 with PID 59526 (/Users/jeshwinwilliam/Documents/Playground/pr-intelligence-platform-jeshwin/target/classes started by jeshwinwilliam in /Users/jeshwinwilliam/Documents/Playground/pr-intelligence-platform-jeshwin)
2026-05-20T01:54:41.955-05:00  INFO 59526 --- [pr-intelligence-platform] [           main] c.j.p.PrIntelligencePlatformApplication  : No active profile set, falling back to 1 default profile: "default"
2026-05-20T01:54:42.453-05:00  INFO 59526 --- [pr-intelligence-platform] [           main] .s.d.r.c.RepositoryConfigurationDelegate : Bootstrapping Spring Data JPA repositories in DEFAULT mode.
2026-05-20T01:54:42.530-05:00  INFO 59526 --- [pr-intelligence-platform] [           main] .s.d.r.c.RepositoryConfigurationDelegate : Finished Spring Data repository scanning in 72 ms. Found 3 JPA repository interfaces.
2026-05-20T01:54:42.783-05:00  INFO 59526 --- [pr-intelligence-platform] [           main] o.s.b.w.embedded.tomcat.TomcatWebServer  : Tomcat initialized with port 8081 (http)
2026-05-20T01:54:42.790-05:00  INFO 59526 --- [pr-intelligence-platform] [           main] o.apache.catalina.core.StandardService   : Starting service [Tomcat]
2026-05-20T01:54:42.790-05:00  INFO 59526 --- [pr-intelligence-platform] [           main] o.apache.catalina.core.StandardEngine    : Starting Servlet engine: [Apache Tomcat/10.1.54]
2026-05-20T01:54:42.814-05:00  INFO 59526 --- [pr-intelligence-platform] [           main] o.a.c.c.C.[Tomcat].[localhost].[/]       : Initializing Spring embedded WebApplicationContext
2026-05-20T01:54:42.814-05:00  INFO 59526 --- [pr-intelligence-platform] [           main] w.s.c.ServletWebServerApplicationContext : Root WebApplicationContext: initialization completed in 836 ms
2026-05-20T01:54:42.933-05:00  INFO 59526 --- [pr-intelligence-platform] [           main] o.hibernate.jpa.internal.util.LogHelper  : HHH000204: Processing PersistenceUnitInfo [name: default]
2026-05-20T01:54:42.962-05:00  INFO 59526 --- [pr-intelligence-platform] [           main] org.hibernate.Version                    : HHH000412: Hibernate ORM core version 6.6.49.Final
2026-05-20T01:54:42.984-05:00  INFO 59526 --- [pr-intelligence-platform] [           main] o.h.c.internal.RegionFactoryInitiator    : HHH000026: Second-level cache disabled
2026-05-20T01:54:43.126-05:00  INFO 59526 --- [pr-intelligence-platform] [           main] o.s.o.j.p.SpringPersistenceUnitInfo      : No LoadTimeWeaver setup: ignoring JPA class transformer
2026-05-20T01:54:43.139-05:00  INFO 59526 --- [pr-intelligence-platform] [           main] com.zaxxer.hikari.HikariDataSource       : HikariPool-1 - Starting...
2026-05-20T01:54:43.225-05:00  INFO 59526 --- [pr-intelligence-platform] [           main] com.zaxxer.hikari.pool.HikariPool        : HikariPool-1 - Added connection conn0: url=jdbc:h2:mem:pr_intelligence_platform user=SA
2026-05-20T01:54:43.226-05:00  INFO 59526 --- [pr-intelligence-platform] [           main] com.zaxxer.hikari.HikariDataSource       : HikariPool-1 - Start completed.
2026-05-20T01:54:43.257-05:00  INFO 59526 --- [pr-intelligence-platform] [           main] org.hibernate.orm.connections.pooling    : HHH10001005: Database info:
	Database JDBC URL [Connecting through datasource 'HikariDataSource (HikariPool-1)']
	Database driver: undefined/unknown
	Database version: 2.3.232
	Autocommit mode: undefined/unknown
	Isolation level: undefined/unknown
	Minimum pool size: undefined/unknown
	Maximum pool size: undefined/unknown
2026-05-20T01:54:43.688-05:00  INFO 59526 --- [pr-intelligence-platform] [           main] o.h.e.t.j.p.i.JtaPlatformInitiator       : HHH000489: No JTA platform available (set 'hibernate.transaction.jta.platform' to enable JTA platform integration)
2026-05-20T01:54:43.721-05:00  INFO 59526 --- [pr-intelligence-platform] [           main] j.LocalContainerEntityManagerFactoryBean : Initialized JPA EntityManagerFactory for persistence unit 'default'
2026-05-20T01:54:43.892-05:00  WARN 59526 --- [pr-intelligence-platform] [           main] ConfigServletWebServerApplicationContext : Exception encountered during context initialization - cancelling refresh attempt: org.springframework.beans.factory.UnsatisfiedDependencyException: Error creating bean with name 'reviewController' defined in file [/Users/jeshwinwilliam/Documents/Playground/pr-intelligence-platform-jeshwin/target/classes/com/jeshwin/printelligence/review/api/ReviewController.class]: Unsatisfied dependency expressed through constructor parameter 0: Error creating bean with name 'reviewOrchestrationService' defined in file [/Users/jeshwinwilliam/Documents/Playground/pr-intelligence-platform-jeshwin/target/classes/com/jeshwin/printelligence/review/application/ReviewOrchestrationService.class]: Unsatisfied dependency expressed through constructor parameter 2: Error creating bean with name 'reviewWorker' defined in file [/Users/jeshwinwilliam/Documents/Playground/pr-intelligence-platform-jeshwin/target/classes/com/jeshwin/printelligence/review/application/ReviewWorker.class]: Unsatisfied dependency expressed through constructor parameter 6: No qualifying bean of type 'com.jeshwin.printelligence.review.infra.ai.AiReviewGateway' available: expected at least 1 bean which qualifies as autowire candidate. Dependency annotations: {}
2026-05-20T01:54:43.892-05:00  INFO 59526 --- [pr-intelligence-platform] [           main] j.LocalContainerEntityManagerFactoryBean : Closing JPA EntityManagerFactory for persistence unit 'default'
2026-05-20T01:54:43.893-05:00  INFO 59526 --- [pr-intelligence-platform] [           main] com.zaxxer.hikari.HikariDataSource       : HikariPool-1 - Shutdown initiated...
2026-05-20T01:54:43.894-05:00  INFO 59526 --- [pr-intelligence-platform] [           main] com.zaxxer.hikari.HikariDataSource       : HikariPool-1 - Shutdown completed.
2026-05-20T01:54:43.895-05:00  INFO 59526 --- [pr-intelligence-platform] [           main] o.apache.catalina.core.StandardService   : Stopping service [Tomcat]
2026-05-20T01:54:43.905-05:00  INFO 59526 --- [pr-intelligence-platform] [           main] .s.b.a.l.ConditionEvaluationReportLogger : 

Error starting ApplicationContext. To display the condition evaluation report re-run your application with 'debug' enabled.
2026-05-20T01:54:43.916-05:00 ERROR 59526 --- [pr-intelligence-platform] [           main] o.s.b.d.LoggingFailureAnalysisReporter   : 

***************************
APPLICATION FAILED TO START
***************************

Description:

Parameter 6 of constructor in com.jeshwin.printelligence.review.application.ReviewWorker required a bean of type 'com.jeshwin.printelligence.review.infra.ai.AiReviewGateway' that could not be found.


Action:

Consider defining a bean of type 'com.jeshwin.printelligence.review.infra.ai.AiReviewGateway' in your configuration.

[INFO] ------------------------------------------------------------------------
[INFO] BUILD FAILURE
[INFO] ------------------------------------------------------------------------
[INFO] Total time:  3.113 s
[INFO] Finished at: 2026-05-20T01:54:43-05:00
[INFO] ------------------------------------------------------------------------
[ERROR] Failed to execute goal org.springframework.boot:spring-boot-maven-plugin:3.5.14:run (default-cli) on project pr-intelligence-platform-jeshwin: Process terminated with exit code: 1 -> [Help 1]
org.apache.maven.lifecycle.LifecycleExecutionException: Failed to execute goal org.springframework.boot:spring-boot-maven-plugin:3.5.14:run (default-cli) on project pr-intelligence-platform-jeshwin: Process terminated with exit code: 1
    at org.apache.maven.lifecycle.internal.MojoExecutor.doExecute2 (MojoExecutor.java:333)
    at org.apache.maven.lifecycle.internal.MojoExecutor.doExecute (MojoExecutor.java:316)
    at org.apache.maven.lifecycle.internal.MojoExecutor.execute (MojoExecutor.java:212)
    at org.apache.maven.lifecycle.internal.MojoExecutor.execute (MojoExecutor.java:174)
    at org.apache.maven.lifecycle.internal.MojoExecutor.access$000 (MojoExecutor.java:75)
    at org.apache.maven.lifecycle.internal.MojoExecutor$1.run (MojoExecutor.java:162)
    at org.apache.maven.plugin.DefaultMojosExecutionStrategy.execute (DefaultMojosExecutionStrategy.java:39)
    at org.apache.maven.lifecycle.internal.MojoExecutor.execute (MojoExecutor.java:159)
    at org.apache.maven.lifecycle.internal.LifecycleModuleBuilder.buildProject (LifecycleModuleBuilder.java:105)
    at org.apache.maven.lifecycle.internal.LifecycleModuleBuilder.buildProject (LifecycleModuleBuilder.java:73)
    at org.apache.maven.lifecycle.internal.builder.singlethreaded.SingleThreadedBuilder.build (SingleThreadedBuilder.java:53)
    at org.apache.maven.lifecycle.internal.LifecycleStarter.execute (LifecycleStarter.java:118)
    at org.apache.maven.DefaultMaven.doExecute (DefaultMaven.java:261)
    at org.apache.maven.DefaultMaven.doExecute (DefaultMaven.java:173)
    at org.apache.maven.DefaultMaven.execute (DefaultMaven.java:101)
    at org.apache.maven.cli.MavenCli.execute (MavenCli.java:919)
    at org.apache.maven.cli.MavenCli.doMain (MavenCli.java:285)
    at org.apache.maven.cli.MavenCli.main (MavenCli.java:207)
    at jdk.internal.reflect.DirectMethodHandleAccessor.invoke (DirectMethodHandleAccessor.java:104)
    at java.lang.reflect.Method.invoke (Method.java:565)
    at org.codehaus.plexus.classworlds.launcher.Launcher.launchEnhanced (Launcher.java:255)
    at org.codehaus.plexus.classworlds.launcher.Launcher.launch (Launcher.java:201)
    at org.codehaus.plexus.classworlds.launcher.Launcher.mainWithExitCode (Launcher.java:361)
    at org.codehaus.plexus.classworlds.launcher.Launcher.main (Launcher.java:314)
Caused by: org.apache.maven.plugin.MojoExecutionException: Process terminated with exit code: 1
    at org.springframework.boot.maven.JavaProcessExecutor.run (JavaProcessExecutor.java:74)
    at org.springframework.boot.maven.RunMojo.run (RunMojo.java:84)
    at org.springframework.boot.maven.AbstractRunMojo.run (AbstractRunMojo.java:255)
    at org.springframework.boot.maven.AbstractRunMojo.execute (AbstractRunMojo.java:218)
    at org.apache.maven.plugin.DefaultBuildPluginManager.executeMojo (DefaultBuildPluginManager.java:126)
    at org.apache.maven.lifecycle.internal.MojoExecutor.doExecute2 (MojoExecutor.java:328)
    at org.apache.maven.lifecycle.internal.MojoExecutor.doExecute (MojoExecutor.java:316)
    at org.apache.maven.lifecycle.internal.MojoExecutor.execute (MojoExecutor.java:212)
    at org.apache.maven.lifecycle.internal.MojoExecutor.execute (MojoExecutor.java:174)
    at org.apache.maven.lifecycle.internal.MojoExecutor.access$000 (MojoExecutor.java:75)
    at org.apache.maven.lifecycle.internal.MojoExecutor$1.run (MojoExecutor.java:162)
    at org.apache.maven.plugin.DefaultMojosExecutionStrategy.execute (DefaultMojosExecutionStrategy.java:39)
    at org.apache.maven.lifecycle.internal.MojoExecutor.execute (MojoExecutor.java:159)
    at org.apache.maven.lifecycle.internal.LifecycleModuleBuilder.buildProject (LifecycleModuleBuilder.java:105)
    at org.apache.maven.lifecycle.internal.LifecycleModuleBuilder.buildProject (LifecycleModuleBuilder.java:73)
    at org.apache.maven.lifecycle.internal.builder.singlethreaded.SingleThreadedBuilder.build (SingleThreadedBuilder.java:53)
    at org.apache.maven.lifecycle.internal.LifecycleStarter.execute (LifecycleStarter.java:118)
    at org.apache.maven.DefaultMaven.doExecute (DefaultMaven.java:261)
    at org.apache.maven.DefaultMaven.doExecute (DefaultMaven.java:173)
    at org.apache.maven.DefaultMaven.execute (DefaultMaven.java:101)
    at org.apache.maven.cli.MavenCli.execute (MavenCli.java:919)
    at org.apache.maven.cli.MavenCli.doMain (MavenCli.java:285)
    at org.apache.maven.cli.MavenCli.main (MavenCli.java:207)
    at jdk.internal.reflect.DirectMethodHandleAccessor.invoke (DirectMethodHandleAccessor.java:104)
    at java.lang.reflect.Method.invoke (Method.java:565)
    at org.codehaus.plexus.classworlds.launcher.Launcher.launchEnhanced (Launcher.java:255)
    at org.codehaus.plexus.classworlds.launcher.Launcher.launch (Launcher.java:201)
    at org.codehaus.plexus.classworlds.launcher.Launcher.mainWithExitCode (Launcher.java:361)
    at org.codehaus.plexus.classworlds.launcher.Launcher.main (Launcher.java:314)
[ERROR] 
[ERROR] Re-run Maven using the -X switch to enable full debug logging.
[ERROR] 
[ERROR] For more information about the errors and possible solutions, please read the following articles:
[ERROR] [Help 1] http://cwiki.apache.org/confluence/display/MAVEN/MojoExecutionException
